16:25:07 **** Build of project project ****
buildplatform.bat 54109 project  
XSDB Server Channel: tcfchan#1
Building the zynq_fsbl application.
make -C zynq_fsbl_bsp

make[1]: *** No targets specified and no makefile found.  Stop.
make: *** [Makefile:29: zynq_fsbl_bsp/ps7_cortexa9_0/lib/libxil.a] Error 2
make[1]: Entering directory 'C:/Users/umber/ZYBO_WORKSPACE/project/zynq_fsbl/zynq_fsbl_bsp'

make[1]: Leaving directory 'C:/Users/umber/ZYBO_WORKSPACE/project/zynq_fsbl/zynq_fsbl_bsp'

Building the BSP Library for domain  - standalone_domain on processor microblaze_0
"Running Make include in microblaze_0/libsrc/axidma_v9_10/src"

make -C microblaze_0/libsrc/axidma_v9_10/src -s include  "SHELL=CMD" "COMPILER=mb-gcc" "ASSEMBLER=mb-as" "ARCHIVER=mb-ar" "COMP
ILER_FLAGS=  -O2 -c -mcpu=v11.0 -mlittle-endian -mxl-soft-mul" "EXTRA_COMPILER_FLAGS=-g -ffunction-sections -fdata-sections -Wa
ll -Wextra"

"Running Make include in microblaze_0/libsrc/bram_v4_3/src"

make -C microblaze_0/libsrc/bram_v4_3/src -s include  "SHELL=CMD" "COMPILER=mb-gcc" "ASSEMBLER=mb-as" "ARCHIVER=mb-ar" "COMPILE
R_FLAGS=  -O2 -c -mcpu=v11.0 -mlittle-endian -mxl-soft-mul" "EXTRA_COMPILER_FLAGS=-g -ffunction-sections -fdata-sections -Wall 
-Wextra"

"Running Make include in microblaze_0/libsrc/cpu_v2_10/src"

make -C microblaze_0/libsrc/cpu_v2_10/src -s include  "SHELL=CMD" "COMPILER=mb-gcc" "ASSEMBLER=mb-as" "ARCHIVER=mb-ar" "COMPILE
R_FLAGS=  -O2 -c -mcpu=v11.0 -mlittle-endian -mxl-soft-mul" "EXTRA_COMPILER_FLAGS=-g -ffunction-sections -fdata-sections -Wall 
-Wextra"

"Running Make include in microblaze_0/libsrc/gpio_v4_5/src"

make -C microblaze_0/libsrc/gpio_v4_5/src -s include  "SHELL=CMD" "COMPILER=mb-gcc" "ASSEMBLER=mb-as" "ARCHIVER=mb-ar" "COMPILE
R_FLAGS=  -O2 -c -mcpu=v11.0 -mlittle-endian -mxl-soft-mul" "EXTRA_COMPILER_FLAGS=-g -ffunction-sections -fdata-sections -Wall 
-Wextra"

"Running Make include in microblaze_0/libsrc/iic_v3_5/src"

make -C microblaze_0/libsrc/iic_v3_5/src -s include  "SHELL=CMD" "COMPILER=mb-gcc" "ASSEMBLER=mb-as" "ARCHIVER=mb-ar" "COMPILER
_FLAGS=  -O2 -c -mcpu=v11.0 -mlittle-endian -mxl-soft-mul" "EXTRA_COMPILER_FLAGS=-g -ffunction-sections -fdata-sections -Wall -
Wextra"

"Running Make include in microblaze_0/libsrc/intc_v3_10/src"

make -C microblaze_0/libsrc/intc_v3_10/src -s include  "SHELL=CMD" "COMPILER=mb-gcc" "ASSEMBLER=mb-as" "ARCHIVER=mb-ar" "COMPIL
ER_FLAGS=  -O2 -c -mcpu=v11.0 -mlittle-endian -mxl-soft-mul" "EXTRA_COMPILER_FLAGS=-g -ffunction-sections -fdata-sections -Wall
 -Wextra"

"Running Make include in microblaze_0/libsrc/llfifo_v5_3/src"

make -C microblaze_0/libsrc/llfifo_v5_3/src -s include  "SHELL=CMD" "COMPILER=mb-gcc" "ASSEMBLER=mb-as" "ARCHIVER=mb-ar" "COMPI
LER_FLAGS=  -O2 -c -mcpu=v11.0 -mlittle-endian -mxl-soft-mul" "EXTRA_COMPILER_FLAGS=-g -ffunction-sections -fdata-sections -Wal
l -Wextra"

"Running Make include in microblaze_0/libsrc/standalone_v7_1/src"

make -C microblaze_0/libsrc/standalone_v7_1/src -s include  "SHELL=CMD" "COMPILER=mb-gcc" "ASSEMBLER=mb-as" "ARCHIVER=mb-ar" "C
OMPILER_FLAGS=  -O2 -c -mcpu=v11.0 -mlittle-endian -mxl-soft-mul" "EXTRA_COMPILER_FLAGS=-g -ffunction-sections -fdata-sections 
-Wall -Wextra"

"Running Make include in microblaze_0/libsrc/tmrctr_v4_5/src"

make -C microblaze_0/libsrc/tmrctr_v4_5/src -s include  "SHELL=CMD" "COMPILER=mb-gcc" "ASSEMBLER=mb-as" "ARCHIVER=mb-ar" "COMPI
LER_FLAGS=  -O2 -c -mcpu=v11.0 -mlittle-endian -mxl-soft-mul" "EXTRA_COMPILER_FLAGS=-g -ffunction-sections -fdata-sections -Wal
l -Wextra"

"Running Make include in microblaze_0/libsrc/uartlite_v3_3/src"

make -C microblaze_0/libsrc/uartlite_v3_3/src -s include  "SHELL=CMD" "COMPILER=mb-gcc" "ASSEMBLER=mb-as" "ARCHIVER=mb-ar" "COM
PILER_FLAGS=  -O2 -c -mcpu=v11.0 -mlittle-endian -mxl-soft-mul" "EXTRA_COMPILER_FLAGS=-g -ffunction-sections -fdata-sections -W
all -Wextra"

"Running Make libs in microblaze_0/libsrc/axidma_v9_10/src"

make -C microblaze_0/libsrc/axidma_v9_10/src -s libs  "SHELL=CMD" "COMPILER=mb-gcc" "ASSEMBLER=mb-as" "ARCHIVER=mb-ar" "COMPILE
R_FLAGS=  -O2 -c -mcpu=v11.0 -mlittle-endian -mxl-soft-mul" "EXTRA_COMPILER_FLAGS=-g -ffunction-sections -fdata-sections -Wall 
-Wextra"

"Compiling axidma"

mb-ar: creating ../../../lib/libxil.a
"Running Make libs in microblaze_0/libsrc/bram_v4_3/src"

make -C microblaze_0/libsrc/bram_v4_3/src -s libs  "SHELL=CMD" "COMPILER=mb-gcc" "ASSEMBLER=mb-as" "ARCHIVER=mb-ar" "COMPILER_F
LAGS=  -O2 -c -mcpu=v11.0 -mlittle-endian -mxl-soft-mul" "EXTRA_COMPILER_FLAGS=-g -ffunction-sections -fdata-sections -Wall -We
xtra"

"Compiling bram"

"Running Make libs in microblaze_0/libsrc/cpu_v2_10/src"

make -C microblaze_0/libsrc/cpu_v2_10/src -s libs  "SHELL=CMD" "COMPILER=mb-gcc" "ASSEMBLER=mb-as" "ARCHIVER=mb-ar" "COMPILER_F
LAGS=  -O2 -c -mcpu=v11.0 -mlittle-endian -mxl-soft-mul" "EXTRA_COMPILER_FLAGS=-g -ffunction-sections -fdata-sections -Wall -We
xtra"

"Compiling cpu"

"Running Make libs in microblaze_0/libsrc/gpio_v4_5/src"

make -C microblaze_0/libsrc/gpio_v4_5/src -s libs  "SHELL=CMD" "COMPILER=mb-gcc" "ASSEMBLER=mb-as" "ARCHIVER=mb-ar" "COMPILER_F
LAGS=  -O2 -c -mcpu=v11.0 -mlittle-endian -mxl-soft-mul" "EXTRA_COMPILER_FLAGS=-g -ffunction-sections -fdata-sections -Wall -We
xtra"

"Compiling gpio"

"Running Make libs in microblaze_0/libsrc/iic_v3_5/src"

make -C microblaze_0/libsrc/iic_v3_5/src -s libs  "SHELL=CMD" "COMPILER=mb-gcc" "ASSEMBLER=mb-as" "ARCHIVER=mb-ar" "COMPILER_FL
AGS=  -O2 -c -mcpu=v11.0 -mlittle-endian -mxl-soft-mul" "EXTRA_COMPILER_FLAGS=-g -ffunction-sections -fdata-sections -Wall -Wex
tra"

"Compiling iic"

"Running Make libs in microblaze_0/libsrc/intc_v3_10/src"

make -C microblaze_0/libsrc/intc_v3_10/src -s libs  "SHELL=CMD" "COMPILER=mb-gcc" "ASSEMBLER=mb-as" "ARCHIVER=mb-ar" "COMPILER_
FLAGS=  -O2 -c -mcpu=v11.0 -mlittle-endian -mxl-soft-mul" "EXTRA_COMPILER_FLAGS=-g -ffunction-sections -fdata-sections -Wall -W
extra"

"Compiling intc"

"Running Make libs in microblaze_0/libsrc/llfifo_v5_3/src"

make -C microblaze_0/libsrc/llfifo_v5_3/src -s libs  "SHELL=CMD" "COMPILER=mb-gcc" "ASSEMBLER=mb-as" "ARCHIVER=mb-ar" "COMPILER
_FLAGS=  -O2 -c -mcpu=v11.0 -mlittle-endian -mxl-soft-mul" "EXTRA_COMPILER_FLAGS=-g -ffunction-sections -fdata-sections -Wall -
Wextra"

"Compiling llfifo"

"Running Make libs in microblaze_0/libsrc/standalone_v7_1/src"

make -C microblaze_0/libsrc/standalone_v7_1/src -s libs  "SHELL=CMD" "COMPILER=mb-gcc" "ASSEMBLER=mb-as" "ARCHIVER=mb-ar" "COMP
ILER_FLAGS=  -O2 -c -mcpu=v11.0 -mlittle-endian -mxl-soft-mul" "EXTRA_COMPILER_FLAGS=-g -ffunction-sections -fdata-sections -Wa
ll -Wextra"

"Compiling standalone";

microblaze_sleep.c:75:9: note: #pragma message: For the sleep routines, assembly instructions are used
 #pragma message ("For the sleep routines, assembly instructions are used")
         ^~~~~~~
"Running Make libs in microblaze_0/libsrc/tmrctr_v4_5/src"

make -C microblaze_0/libsrc/tmrctr_v4_5/src -s libs  "SHELL=CMD" "COMPILER=mb-gcc" "ASSEMBLER=mb-as" "ARCHIVER=mb-ar" "COMPILER
_FLAGS=  -O2 -c -mcpu=v11.0 -mlittle-endian -mxl-soft-mul" "EXTRA_COMPILER_FLAGS=-g -ffunction-sections -fdata-sections -Wall -
Wextra"

"Compiling tmrctr"

"Running Make libs in microblaze_0/libsrc/uartlite_v3_3/src"

make -C microblaze_0/libsrc/uartlite_v3_3/src -s libs  "SHELL=CMD" "COMPILER=mb-gcc" "ASSEMBLER=mb-as" "ARCHIVER=mb-ar" "COMPIL
ER_FLAGS=  -O2 -c -mcpu=v11.0 -mlittle-endian -mxl-soft-mul" "EXTRA_COMPILER_FLAGS=-g -ffunction-sections -fdata-sections -Wall
 -Wextra"

"Compiling uartlite"

'Finished building libraries'

Failed to generate the platform.
Reason: Failed to build the  zynq_fsbl application.
    invoked from within
"::tcf::eval -progress {apply {{msg} {puts $msg}}} {tcf_send_command tcfchan#0 xsdb eval s es {{platform active project; platform generate }}}"
    (procedure "::tcf::send_command" line 4)
    invoked from within
"tcf send_command $::xsdb::curchan xsdb eval s es [list "platform active $PLATFORM_NAME; platform generate $target"]"
    invoked from within
"if { $iswindows == 1 } {    

    set XSDB_PORT [lindex $argv 0]
    set PLATFORM_NAME [lindex $argv 1]
    set arglen [llength $argv]
    set lastind..."
    (file "C:/Xilinx/Vitis/2019.2\scripts\vitis\util\buildplatform.tcl" line 11)

16:25:21 Build Finished (took 13s.727ms)

