19:54:24 **** Clean-only build of project ZZZ ****
buildplatform.bat 55113 ZZZ clean 
XSDB Server Channel: tcfchan#1
Reading the platform  : "ZZZ"
Cleaning the zynq_fsbl application.
rm -rf  sd.o  nand.o  nor.o  image_mover.o  md5.o  fsbl_hooks.o  main.o  rsa.o  qspi.o  ps7_init.o  pcap.o  fsbl_handoff.o zynq
_fsbl_bsp/ps7_cortexa9_0/lib/libxil.a executable.elf *.o

rm: no se puede efectuar `lstat' sobre «*.o»: Invalid argument
Failed to do platform clean.
    invoked from within
"::tcf::eval -progress {apply {{msg} {puts $msg}}} {tcf_send_command tcfchan#0 xsdb eval s es {{platform active ZZZ; platform clean}}}"
    (procedure "::tcf::send_command" line 4)
    invoked from within
"tcf send_command $::xsdb::curchan xsdb eval s es [list "platform active $PLATFORM_NAME; platform clean"]"
    invoked from within
"if { $iswindows == 1 } {    

    set XSDB_PORT [lindex $argv 0]
    set PLATFORM_NAME [lindex $argv 1]
    set arglen [llength $argv]
    set lastind..."
    (file "C:/Xilinx/Vitis/2019.2\scripts\vitis\util\buildplatform.tcl" line 11)
make: *** [Makefile:41: clean] Error 1

19:54:30 Build Finished (took 6s.389ms)

