Removed Pin From Net: NetName=Y0 Pin=R14-2
Removed Pin From Net: NetName=Y1 Pin=R15-2
Removed Pin From Net: NetName=Y2 Pin=R16-2
Removed Pin From Net: NetName=Y3 Pin=R17-2
Removed Pin From Net: NetName=Y4 Pin=R18-2
Removed Pin From Net: NetName=Y5 Pin=R19-2
Removed Pin From Net: NetName=Y6 Pin=R20-2
Removed Pin From Net: NetName=Y7 Pin=R21-2
Removed Member From Class: ClassName=Sheet3 Member=R14
Removed Member From Class: ClassName=Sheet3 Member=R15
Removed Member From Class: ClassName=Sheet3 Member=R16
Removed Member From Class: ClassName=Sheet3 Member=R17
Removed Member From Class: ClassName=Sheet3 Member=R18
Removed Member From Class: ClassName=Sheet3 Member=R19
Removed Member From Class: ClassName=Sheet3 Member=R20
Removed Member From Class: ClassName=Sheet3 Member=R21
Change Component Footprint: Designator=M1 Old Footprint=MATRIX8X8 New Footprint=Matrix Led
Change Component Footprint: Designator=M2 Old Footprint=MATRIX8X8 New Footprint=Matrix Led
Added Pin To Net: NetName=Y4 Pin=M2-1
Added Pin To Net: NetName=Y6 Pin=M2-2
Added Pin To Net: NetName=Y7 Pin=M2-5
Added Pin To Net: NetName=Y5 Pin=M2-7
Added Pin To Net: NetName=Y2 Pin=M2-8
Added Pin To Net: NetName=Y0 Pin=M2-9
Added Pin To Net: NetName=Y3 Pin=M2-12
Added Pin To Net: NetName=Y1 Pin=M2-14
Added Member To Class: ClassName=Sheet3 Member=Component M1 matrix8X8
Added Room: Name=Sheet1
Added Room: Name=Sheet2
