Change Component Footprint: Designator=D1 Old Footprint=LED 0805 New Footprint=Diode1206
Change Component Footprint: Designator=D2 Old Footprint=LED 0805 New Footprint=Diode1206
Change Component Designator: OldDesignator=BM64 NewDesignator=U1
Change component parameters: Designator = "D1"; Footprint = "Diode1206"; UniqueID = "\HPCISYMI"
Change component parameters. Clean all parameters for all variants
Change component parameters (AddParameter): Name = "Digi-KeyReference"; Value = "754-1169-1-ND"; VariantName = "[No Variations]"
Change component parameters (AddParameter): Name = "LatestRevisionDate"; Value = "08-Jul-2005"; VariantName = "[No Variations]"
Change component parameters (AddParameter): Name = "LatestRevisionNote"; Value = "Mech Layer 1 removed."; VariantName = "[No Variations]"
Change component parameters (AddParameter): Name = "PackageDescription"; Value = "LED; 2 Leads"; VariantName = "[No Variations]"
Change component parameters (AddParameter): Name = "PackageReference"; Value = "LED-1"; VariantName = "[No Variations]"
Change component parameters (AddParameter): Name = "Published"; Value = "8-Jun-2000"; VariantName = "[No Variations]"
Change component parameters (AddParameter): Name = "Publisher"; Value = "Altium Limited"; VariantName = "[No Variations]"
Change component parameters: Designator = "D2"; Footprint = "Diode1206"; UniqueID = "\YJJQXILZ"
Change component parameters. Clean all parameters for all variants
Change component parameters (AddParameter): Name = "Digi-KeyReference"; Value = "754-1169-1-ND"; VariantName = "[No Variations]"
Change component parameters (AddParameter): Name = "LatestRevisionDate"; Value = "08-Jul-2005"; VariantName = "[No Variations]"
Change component parameters (AddParameter): Name = "LatestRevisionNote"; Value = "Mech Layer 1 removed."; VariantName = "[No Variations]"
Change component parameters (AddParameter): Name = "PackageDescription"; Value = "LED; 2 Leads"; VariantName = "[No Variations]"
Change component parameters (AddParameter): Name = "PackageReference"; Value = "LED-1"; VariantName = "[No Variations]"
Change component parameters (AddParameter): Name = "Published"; Value = "8-Jun-2000"; VariantName = "[No Variations]"
Change component parameters (AddParameter): Name = "Publisher"; Value = "Altium Limited"; VariantName = "[No Variations]"
Added Member To Class: ClassName=Sheet1 Member=Component R2 Res3
Added Room: Name=Sheet1
