Removed Pin From Net: NetName=Y4 Pin=M2-1
Removed Pin From Net: NetName=Y6 Pin=M2-2
Removed Pin From Net: NetName=Y7 Pin=M2-5
Removed Pin From Net: NetName=Y5 Pin=M2-7
Removed Pin From Net: NetName=Y2 Pin=M2-8
Removed Pin From Net: NetName=Y0 Pin=M2-9
Removed Pin From Net: NetName=Y3 Pin=M2-12
Removed Pin From Net: NetName=Y1 Pin=M2-14
Change Component Designator: OldDesignator=BM64 NewDesignator=U1
Added Pin To Net: NetName=RY0 Pin=M1-9
Added Pin To Net: NetName=RY0 Pin=M2-9
Added Pin To Net: NetName=RY0 Pin=R6-1
Added Net: Name=RY0
Added Pin To Net: NetName=RY1 Pin=M1-14
Added Pin To Net: NetName=RY1 Pin=M2-14
Added Pin To Net: NetName=RY1 Pin=R7-1
Added Net: Name=RY1
Added Pin To Net: NetName=RY2 Pin=M1-8
Added Pin To Net: NetName=RY2 Pin=M2-8
Added Pin To Net: NetName=RY2 Pin=R8-1
Added Net: Name=RY2
Added Pin To Net: NetName=RY3 Pin=M1-12
Added Pin To Net: NetName=RY3 Pin=M2-12
Added Pin To Net: NetName=RY3 Pin=R9-1
Added Net: Name=RY3
Added Pin To Net: NetName=RY4 Pin=M1-1
Added Pin To Net: NetName=RY4 Pin=M2-1
Added Pin To Net: NetName=RY4 Pin=R10-1
Added Net: Name=RY4
Added Pin To Net: NetName=RY5 Pin=M1-7
Added Pin To Net: NetName=RY5 Pin=M2-7
Added Pin To Net: NetName=RY5 Pin=R11-1
Added Net: Name=RY5
Added Pin To Net: NetName=RY6 Pin=M1-2
Added Pin To Net: NetName=RY6 Pin=M2-2
Added Pin To Net: NetName=RY6 Pin=R12-1
Added Net: Name=RY6
Added Pin To Net: NetName=RY7 Pin=M1-5
Added Pin To Net: NetName=RY7 Pin=M2-5
Added Pin To Net: NetName=RY7 Pin=R13-1
Added Net: Name=RY7
Added Room: Name=Sheet1
Added Room: Name=Sheet2
Added Room: Name=Sheet3
