Removed Pin From Net: NetName=FPGA_WAKE_UP Pin=P1-7
Removed Pin From Net: NetName=UART_RX Pin=P1-8
Removed Pin From Net: NetName=UART_TX Pin=P1-9
Removed Pin From Net: NetName=BT_WAKE_UP Pin=P1-10
Removed Pin From Net: NetName=P2_0 Pin=P2-1
Removed Pin From Net: NetName=EAN Pin=P2-2
Removed Pin From Net: NetName=RST_N Pin=P2-3
Removed Pin From Net: NetName=I_DETECT Pin=P2-4
Removed Pin From Net: NetName=PLAY Pin=P2-7
Removed Pin From Net: NetName=VOL + Pin=P2-8
Removed Pin From Net: NetName=VOL - Pin=P2-9
Removed Pin From Net: NetName=P3_6 Pin=P2-10
Added Pin To Net: NetName=VOL + Pin=P1-7
Added Pin To Net: NetName=VOL - Pin=P1-8
Added Pin To Net: NetName=PLAY Pin=P1-9
Added Pin To Net: NetName=P3_6 Pin=P1-10
Added Pin To Net: NetName=FPGA_WAKE_UP Pin=P2-1
Added Pin To Net: NetName=UART_RX Pin=P2-2
Added Pin To Net: NetName=UART_TX Pin=P2-3
Added Pin To Net: NetName=BT_WAKE_UP Pin=P2-4
Added Pin To Net: NetName=P2_0 Pin=P2-7
Added Pin To Net: NetName=EAN Pin=P2-8
Added Pin To Net: NetName=RST_N Pin=P2-9
Added Pin To Net: NetName=I_DETECT Pin=P2-10
