Removed Pin From Net: NetName=GND Pin=S2-1
Removed Pin From Net: NetName=GND Pin=S2-2
Removed Pin From Net: NetName=P3_6 Pin=S2-3
Removed Pin From Net: NetName=P1_5 Pin=S2-4
Added Component: Designator=S2(DIP-4)
Add component. Clean all parameters for all variants
Add component (AddParameter): Name = "LatestRevisionDate"; Value = "17-Jul-2002"; VariantName = "[No Variations]"
Add component (AddParameter): Name = "LatestRevisionNote"; Value = "Re-released for DXP Platform."; VariantName = "[No Variations]"
Add component (AddParameter): Name = "PackageReference"; Value = "DIP-4"; VariantName = "[No Variations]"
Add component (AddParameter): Name = "Published"; Value = "24-Mar-1999"; VariantName = "[No Variations]"
Add component (AddParameter): Name = "Publisher"; Value = "Altium Limited"; VariantName = "[No Variations]"
Added Component: Designator=U1(*MODULE_BM64SPKS1MC1-0001AA)
Add component. Clean all parameters for all variants
Add component (AddParameter): Name = "Availability"; Value = "Unavailable"; VariantName = "[No Variations]"
Add component (AddParameter): Name = "MF"; Value = "Microchip"; VariantName = "[No Variations]"
Add component (AddParameter): Name = "MP"; Value = "BM64SPKS1MC1-0001AA"; VariantName = "[No Variations]"
Add component (AddParameter): Name = "Package"; Value = "Module Microchip"; VariantName = "[No Variations]"
Add component (AddParameter): Name = "Price"; Value = "None"; VariantName = "[No Variations]"
Add component (AddParameter): Name = "SnapEDA_Link"; Value = "https://www.snapeda.com/parts/BM64SPKS1MC1-0001AA/Microchip/view-part/613145/?ref=snap"; VariantName = "[No Variations]"
Add component (AddParameter): Name = "Value"; Value = ""; VariantName = "[No Variations]"
Added Pin To Net: NetName=GND Pin=S2-1
Added Pin To Net: NetName=GND Pin=S2-2
Added Pin To Net: NetName=P3_6 Pin=S2-3
Added Pin To Net: NetName=P1_5 Pin=S2-4
Added Pin To Net: NetName=ADCDAT Pin=U1-1
Added Pin To Net: NetName=DACLRC Pin=U1-2
Added Pin To Net: NetName=BCLK Pin=U1-3
Added Pin To Net: NetName=DACDAT Pin=U1-4
Added Pin To Net: NetName=RST_N Pin=U1-13
Added Pin To Net: NetName=GND Pin=U1-14
Added Pin To Net: NetName=P1_5 Pin=U1-18
Added Pin To Net: NetName=UART_TX Pin=U1-19
Added Pin To Net: NetName=UART_RX Pin=U1-20
Added Pin To Net: NetName=VDD_IO Pin=U1-21
Added Pin To Net: NetName=3.3 VCC Pin=U1-22
Added Pin To Net: NetName=SYS_PWR Pin=U1-24
Added Pin To Net: NetName=AMB_DET Pin=U1-25
Added Pin To Net: NetName=BT_WAKE_UP Pin=U1-26
Added Pin To Net: NetName=LED2 Pin=U1-27
Added Pin To Net: NetName=LED1 Pin=U1-28
Added Pin To Net: NetName=FPGA_WAKE_UP Pin=U1-29
Added Pin To Net: NetName=EAN Pin=U1-32
Added Pin To Net: NetName=VOL - Pin=U1-35
Added Pin To Net: NetName=REV Pin=U1-37
Added Pin To Net: NetName=P3_6 Pin=U1-39
Added Pin To Net: NetName=PLAY Pin=U1-40
Added Pin To Net: NetName=P2_0 Pin=U1-41
Added Pin To Net: NetName=VOL + Pin=U1-42
Added Pin To Net: NetName=GND Pin=U1-43
Added Member To Class: ClassName=Sheet1 Member=Component U1 BM64SPKS1MC1-0001AA
Added Room: Name=Sheet1
